  Cards.c
  Character.c
  digipenload.c
  Enemy.c
  game.c
  GameLoad.c
  GameOver.c
  level1_1.c
  main.c
  MainMenu.c
  Perks.c
  tutorial.c
  Generating code
  Previous IPDB not found, fall back to full compilation.
  All 59 functions were compiled because no usable IPDB/IOBJ from previous compilation was found.
  Finished generating code
  Processing_Sample.vcxproj -> D:\GitHub\SIT-GAM100\Mushroom-Slayer\x64\Release\Mushroom Slayer.exe
  1 File(s) copied
  1 File(s) copied
  151 File(s) copied
