d:\github\sit-gam100\mushroom-slayer\x64\debug\gameover.obj
d:\github\sit-gam100\mushroom-slayer\x64\debug\tutorial.obj
d:\github\sit-gam100\mushroom-slayer\x64\debug\level1_1.obj
d:\github\sit-gam100\mushroom-slayer\x64\debug\cards.obj
d:\github\sit-gam100\mushroom-slayer\x64\debug\gameload.obj
d:\github\sit-gam100\mushroom-slayer\x64\debug\character.obj
d:\github\sit-gam100\mushroom-slayer\x64\debug\perks.obj
d:\github\sit-gam100\mushroom-slayer\x64\debug\credits.obj
d:\github\sit-gam100\mushroom-slayer\x64\debug\digipenload.obj
d:\github\sit-gam100\mushroom-slayer\x64\debug\game.obj
d:\github\sit-gam100\mushroom-slayer\x64\debug\mainmenu.obj
d:\github\sit-gam100\mushroom-slayer\x64\debug\enemy.obj
d:\github\sit-gam100\mushroom-slayer\x64\debug\main.obj
d:\github\sit-gam100\mushroom-slayer\x64\debug\vc142.pdb
d:\github\sit-gam100\mushroom-slayer\x64\debug\mushroom slayer.ilk
d:\github\sit-gam100\mushroom-slayer\x64\debug\mushroom slayer.exe
d:\github\sit-gam100\mushroom-slayer\x64\debug\mushroom slayer.pdb
d:\github\sit-gam100\mushroom-slayer\x64\debug\mushroom slayer.res
d:\github\sit-gam100\mushroom-slayer\x64\debug\vc142.idb
d:\github\sit-gam100\mushroom-slayer\x64\debug\mushroom slayer.tlog\cl.10564.write.1.tlog
d:\github\sit-gam100\mushroom-slayer\x64\debug\mushroom slayer.tlog\cl.command.1.tlog
d:\github\sit-gam100\mushroom-slayer\x64\debug\mushroom slayer.tlog\cl.read.1.tlog
d:\github\sit-gam100\mushroom-slayer\x64\debug\mushroom slayer.tlog\link.command.1.tlog
d:\github\sit-gam100\mushroom-slayer\x64\debug\mushroom slayer.tlog\link.read.1.tlog
d:\github\sit-gam100\mushroom-slayer\x64\debug\mushroom slayer.tlog\link.write.1.tlog
d:\github\sit-gam100\mushroom-slayer\x64\debug\mushroom slayer.tlog\rc.command.1.tlog
d:\github\sit-gam100\mushroom-slayer\x64\debug\mushroom slayer.tlog\rc.read.1.tlog
d:\github\sit-gam100\mushroom-slayer\x64\debug\mushroom slayer.tlog\rc.write.1.tlog
